[ 2017-05-02T16:32:33+08:00 ] ::1 /blogs/
INFO: [ app_init ] --START--
INFO: Run Behavior\BuildLiteBehavior [ RunTime:0.000056s ]
INFO: [ app_init ] --END-- [ RunTime:0.010131s ]
INFO: [ app_begin ] --START--
INFO: Run Behavior\ReadHtmlCacheBehavior [ RunTime:0.015821s ]
INFO: [ app_begin ] --END-- [ RunTime:0.016084s ]
SQL: SHOW COLUMNS FROM `blog_cate` [ RunTime:0.0095s ]
SQL: SELECT * FROM `blog_cate` ORDER BY id asc  [ RunTime:0.0029s ]
SQL: SHOW COLUMNS FROM `blog_link` [ RunTime:0.0888s ]
SQL: SELECT * FROM `blog_link` ORDER BY id asc  [ RunTime:0.0033s ]
SQL: SHOW COLUMNS FROM `blog_article` [ RunTime:0.0529s ]
SQL: SELECT * FROM `blog_article` ORDER BY time desc LIMIT 4   [ RunTime:0.0093s ]
SQL: SELECT COUNT(*) AS tp_count FROM `blog_article` LIMIT 1   [ RunTime:0.0028s ]
SQL: SELECT * FROM `blog_article` ORDER BY id desc LIMIT 0,4   [ RunTime:0.0036s ]
INFO: [ view_parse ] --START--
INFO: [ template_filter ] --START--
INFO: Run Behavior\ContentReplaceBehavior [ RunTime:0.000362s ]
INFO: [ template_filter ] --END-- [ RunTime:0.000611s ]
INFO: Run Behavior\ParseTemplateBehavior [ RunTime:0.114844s ]
INFO: [ view_parse ] --END-- [ RunTime:0.115188s ]
INFO: [ view_filter ] --START--
INFO: Run Behavior\WriteHtmlCacheBehavior [ RunTime:0.015381s ]
INFO: [ view_filter ] --END-- [ RunTime:0.015628s ]
INFO: [ app_end ] --START--
INFO: Run Behavior\ShowPageTraceBehavior [ RunTime:0.006000s ]
INFO: [ app_end ] --END-- [ RunTime:0.006349s ]

[ 2017-05-02T16:32:44+08:00 ] ::1 /blogs/index.php
INFO: [ app_init ] --START--
INFO: Run Behavior\BuildLiteBehavior [ RunTime:0.000021s ]
INFO: [ app_init ] --END-- [ RunTime:0.000384s ]
INFO: [ app_begin ] --START--
INFO: Run Behavior\ReadHtmlCacheBehavior [ RunTime:0.000635s ]
INFO: [ app_begin ] --END-- [ RunTime:0.000711s ]
SQL: SHOW COLUMNS FROM `blog_cate` [ RunTime:0.0100s ]
SQL: SELECT * FROM `blog_cate` ORDER BY id asc  [ RunTime:0.0025s ]
SQL: SHOW COLUMNS FROM `blog_link` [ RunTime:0.0087s ]
SQL: SELECT * FROM `blog_link` ORDER BY id asc  [ RunTime:0.0023s ]
SQL: SHOW COLUMNS FROM `blog_article` [ RunTime:0.0088s ]
SQL: SELECT * FROM `blog_article` ORDER BY time desc LIMIT 4   [ RunTime:0.0026s ]
SQL: SELECT COUNT(*) AS tp_count FROM `blog_article` LIMIT 1   [ RunTime:0.0022s ]
SQL: SELECT * FROM `blog_article` ORDER BY id desc LIMIT 0,4   [ RunTime:0.0028s ]
INFO: [ view_parse ] --START--
INFO: [ template_filter ] --START--
INFO: Run Behavior\ContentReplaceBehavior [ RunTime:0.000368s ]
INFO: [ template_filter ] --END-- [ RunTime:0.000618s ]
INFO: Run Behavior\ParseTemplateBehavior [ RunTime:0.050763s ]
INFO: [ view_parse ] --END-- [ RunTime:0.051085s ]
INFO: [ view_filter ] --START--
INFO: Run Behavior\WriteHtmlCacheBehavior [ RunTime:0.001655s ]
INFO: [ view_filter ] --END-- [ RunTime:0.001922s ]
INFO: [ app_end ] --START--
INFO: Run Behavior\ShowPageTraceBehavior [ RunTime:0.002473s ]
INFO: [ app_end ] --END-- [ RunTime:0.002789s ]

[ 2017-05-02T16:32:56+08:00 ] ::1 /blogs/index.php/home/cate/index.html
INFO: [ app_init ] --START--
INFO: Run Behavior\BuildLiteBehavior [ RunTime:0.000022s ]
INFO: [ app_init ] --END-- [ RunTime:0.000385s ]
INFO: [ app_begin ] --START--
INFO: Run Behavior\ReadHtmlCacheBehavior [ RunTime:0.000620s ]
INFO: [ app_begin ] --END-- [ RunTime:0.000698s ]
SQL: SHOW COLUMNS FROM `blog_cate` [ RunTime:0.0114s ]
SQL: SELECT * FROM `blog_cate` ORDER BY id asc  [ RunTime:0.0026s ]
SQL: SHOW COLUMNS FROM `blog_link` [ RunTime:0.0089s ]
SQL: SELECT * FROM `blog_link` ORDER BY id asc  [ RunTime:0.0026s ]
SQL: SHOW COLUMNS FROM `blog_article` [ RunTime:0.0089s ]
SQL: SELECT * FROM `blog_article` ORDER BY time desc LIMIT 4   [ RunTime:0.0031s ]
SQL: SELECT * FROM `blog_article`  [ RunTime:0.0029s ]
SQL: SELECT COUNT(*) AS tp_count FROM `blog_article` LIMIT 1   [ RunTime:0.0021s ]
SQL: SELECT * FROM `blog_article` ORDER BY id desc LIMIT 0,4   [ RunTime:0.0029s ]
INFO: [ view_parse ] --START--
INFO: [ template_filter ] --START--
INFO: Run Behavior\ContentReplaceBehavior [ RunTime:0.000390s ]
INFO: [ template_filter ] --END-- [ RunTime:0.000648s ]
INFO: Run Behavior\ParseTemplateBehavior [ RunTime:0.058583s ]
INFO: [ view_parse ] --END-- [ RunTime:0.058852s ]
INFO: [ view_filter ] --START--
INFO: Run Behavior\WriteHtmlCacheBehavior [ RunTime:0.001293s ]
INFO: [ view_filter ] --END-- [ RunTime:0.001517s ]
INFO: [ app_end ] --START--
INFO: Run Behavior\ShowPageTraceBehavior [ RunTime:0.002175s ]
INFO: [ app_end ] --END-- [ RunTime:0.002422s ]

