[ 2017-05-03T08:55:40+08:00 ] ::1 /blogs/
INFO: [ app_init ] --START--
INFO: Run Behavior\BuildLiteBehavior [ RunTime:0.000067s ]
INFO: [ app_init ] --END-- [ RunTime:0.034119s ]
INFO: [ app_begin ] --START--
INFO: Run Behavior\ReadHtmlCacheBehavior [ RunTime:0.021105s ]
INFO: [ app_begin ] --END-- [ RunTime:0.021384s ]
SQL: SHOW COLUMNS FROM `blog_cate` [ RunTime:0.0403s ]
SQL: SELECT * FROM `blog_cate` ORDER BY id asc  [ RunTime:0.0038s ]
SQL: SHOW COLUMNS FROM `blog_link` [ RunTime:0.0453s ]
SQL: SELECT * FROM `blog_link` ORDER BY id asc  [ RunTime:0.0036s ]
SQL: SHOW COLUMNS FROM `blog_article` [ RunTime:0.0419s ]
SQL: SELECT * FROM `blog_article` ORDER BY time desc LIMIT 4   [ RunTime:0.0084s ]
SQL: SELECT COUNT(*) AS tp_count FROM `blog_article` LIMIT 1   [ RunTime:0.0226s ]
SQL: SELECT * FROM `blog_article` ORDER BY id desc LIMIT 0,4   [ RunTime:0.0033s ]
INFO: [ view_parse ] --START--
INFO: [ template_filter ] --START--
INFO: Run Behavior\ContentReplaceBehavior [ RunTime:0.005773s ]
INFO: [ template_filter ] --END-- [ RunTime:0.006088s ]
INFO: Run Behavior\ParseTemplateBehavior [ RunTime:0.138111s ]
INFO: [ view_parse ] --END-- [ RunTime:0.138386s ]
INFO: [ view_filter ] --START--
INFO: Run Behavior\WriteHtmlCacheBehavior [ RunTime:0.008789s ]
INFO: [ view_filter ] --END-- [ RunTime:0.009033s ]
INFO: [ app_end ] --START--
INFO: Run Behavior\ShowPageTraceBehavior [ RunTime:0.006080s ]
INFO: [ app_end ] --END-- [ RunTime:0.006339s ]

